<?xml version="1.0" encoding="UTF-8"?>
<!-- Generated by org.testng.reporters.JUnitReportReporter -->
<testsuite hostname="ACER-PC" failures="0" tests="1" name="Com.com.cps.pages.BaseClass" time="4.218" errors="0" timestamp="07 Apr 2018 05:33:19 GMT" skipped="0">
  <testcase classname="Com.com.cps.pages.BaseClass" name="loginTest" time="4.218"/>
</testsuite> <!-- Com.com.cps.pages.BaseClass -->
