<?xml version="1.0" encoding="UTF-8"?>
<!-- Generated by org.testng.reporters.JUnitReportReporter -->
<testsuite hostname="ACER-PC" failures="0" tests="1" name="com.cps.test.SubBranchLoginPageTest" time="17.791" errors="0" timestamp="09 Apr 2018 05:03:31 GMT" skipped="0">
  <testcase classname="com.cps.test.SubBranchLoginPageTest" name="subBranchtest" time="17.791"/>
</testsuite> <!-- com.cps.test.SubBranchLoginPageTest -->
