<?xml version="1.0" encoding="UTF-8"?>
<!-- Generated by org.testng.reporters.JUnitReportReporter -->
<testsuite hostname="ACER-PC" failures="0" tests="1" name="com.cps.test.HeadBranchLoginTest" time="19.701" errors="0" timestamp="08 Apr 2018 12:26:46 GMT" skipped="0">
  <testcase classname="com.cps.test.HeadBranchLoginTest" name="hLoginPageTest" time="19.701"/>
</testsuite> <!-- com.cps.test.HeadBranchLoginTest -->
