<?xml version="1.0" encoding="UTF-8"?>
<!-- Generated by org.testng.reporters.JUnitReportReporter -->
<testsuite hostname="ACER-PC" failures="0" tests="1" name="com.cps.test.ChangePasswordPageTest" time="25.884" errors="0" timestamp="08 Apr 2018 06:13:27 GMT" skipped="0">
  <testcase classname="com.cps.test.ChangePasswordPageTest" name="cpTest" time="25.884"/>
</testsuite> <!-- com.cps.test.ChangePasswordPageTest -->
