<?xml version="1.0" encoding="UTF-8"?>
<!-- Generated by org.testng.reporters.JUnitReportReporter -->
<testsuite hostname="ACER-PC" failures="0" tests="1" name="com.cps.test.CustomerLoginPageTest" time="3.625" errors="0" timestamp="09 Apr 2018 05:11:18 GMT" skipped="0">
  <testcase classname="com.cps.test.CustomerLoginPageTest" name="loginTest" time="3.625"/>
</testsuite> <!-- com.cps.test.CustomerLoginPageTest -->
